[ 2023-07-15 04:51:51,849 ] 225 werkzeug - WARNING -  * Debugger is active!
[ 2023-07-15 04:51:51,865 ] 225 werkzeug - INFO -  * Debugger PIN: 100-747-786
[ 2023-07-15 04:51:52,129 ] 225 werkzeug - WARNING -  * Running on all addresses.
   WARNING: This is a development server. Do not use it in a production deployment.
[ 2023-07-15 04:51:52,129 ] 225 werkzeug - INFO -  * Running on http://192.168.43.97:5000/ (Press CTRL+C to quit)
[ 2023-07-15 04:51:53,426 ] 225 werkzeug - INFO -  * Detected change in 'C:\\Users\\Big Josh\\OneDrive\\Desktop\\Projects\\MLPROECT\\app.py', reloading
[ 2023-07-15 04:51:53,434 ] 225 werkzeug - INFO -  * Detected change in 'c:\\users\\big josh\\onedrive\\desktop\\projects\\mlproect\\app.py', reloading
[ 2023-07-15 04:51:53,434 ] 225 werkzeug - INFO -  * Detected change in 'C:\\Users\\Big Josh\\OneDrive\\Desktop\\Projects\\MLPROECT\\app.py', reloading
[ 2023-07-15 04:51:53,434 ] 225 werkzeug - INFO -  * Detected change in 'c:\\users\\big josh\\onedrive\\desktop\\projects\\mlproect\\app.py', reloading
[ 2023-07-15 04:51:53,434 ] 225 werkzeug - INFO -  * Detected change in 'C:\\Users\\Big Josh\\OneDrive\\Desktop\\Projects\\MLPROECT\\app.py', reloading
[ 2023-07-15 04:51:53,641 ] 225 werkzeug - INFO -  * Detected change in 'C:\\Users\\Big Josh\\OneDrive\\Desktop\\Projects\\MLPROECT\\app.py', reloading
[ 2023-07-15 04:51:53,641 ] 225 werkzeug - INFO -  * Detected change in 'c:\\users\\big josh\\onedrive\\desktop\\projects\\mlproect\\app.py', reloading
[ 2023-07-15 04:51:53,641 ] 225 werkzeug - INFO -  * Detected change in 'C:\\Users\\Big Josh\\OneDrive\\Desktop\\Projects\\MLPROECT\\app.py', reloading
[ 2023-07-15 04:51:53,641 ] 225 werkzeug - INFO -  * Detected change in 'c:\\users\\big josh\\onedrive\\desktop\\projects\\mlproect\\app.py', reloading
[ 2023-07-15 04:51:53,641 ] 225 werkzeug - INFO -  * Detected change in 'C:\\Users\\Big Josh\\OneDrive\\Desktop\\Projects\\MLPROECT\\app.py', reloading
[ 2023-07-15 04:51:53,641 ] 225 werkzeug - INFO -  * Detected change in 'c:\\users\\big josh\\onedrive\\desktop\\projects\\mlproect\\app.py', reloading
[ 2023-07-15 04:51:53,977 ] 225 werkzeug - INFO -  * Detected change in 'c:\\users\\big josh\\onedrive\\desktop\\projects\\mlproect\\app.py', reloading
[ 2023-07-15 04:51:53,977 ] 225 werkzeug - INFO -  * Detected change in 'C:\\Users\\Big Josh\\OneDrive\\Desktop\\Projects\\MLPROECT\\app.py', reloading
[ 2023-07-15 04:51:53,977 ] 225 werkzeug - INFO -  * Detected change in 'c:\\users\\big josh\\onedrive\\desktop\\projects\\mlproect\\app.py', reloading
[ 2023-07-15 04:51:53,985 ] 225 werkzeug - INFO -  * Detected change in 'C:\\Users\\Big Josh\\OneDrive\\Desktop\\Projects\\MLPROECT\\app.py', reloading
[ 2023-07-15 04:51:53,985 ] 225 werkzeug - INFO -  * Detected change in 'c:\\users\\big josh\\onedrive\\desktop\\projects\\mlproect\\app.py', reloading
[ 2023-07-15 04:51:53,985 ] 225 werkzeug - INFO -  * Detected change in 'C:\\Users\\Big Josh\\OneDrive\\Desktop\\Projects\\MLPROECT\\app.py', reloading
[ 2023-07-15 04:51:54,185 ] 225 werkzeug - INFO -  * Detected change in 'C:\\Users\\Big Josh\\OneDrive\\Desktop\\Projects\\MLPROECT\\app.py', reloading
[ 2023-07-15 04:51:54,193 ] 225 werkzeug - INFO -  * Detected change in 'c:\\users\\big josh\\onedrive\\desktop\\projects\\mlproect\\app.py', reloading
[ 2023-07-15 04:51:54,193 ] 225 werkzeug - INFO -  * Detected change in 'C:\\Users\\Big Josh\\OneDrive\\Desktop\\Projects\\MLPROECT\\app.py', reloading
[ 2023-07-15 04:51:54,193 ] 225 werkzeug - INFO -  * Detected change in 'C:\\Users\\Big Josh\\OneDrive\\Desktop\\Projects\\MLPROECT\\app.py', reloading
[ 2023-07-15 04:51:54,193 ] 225 werkzeug - INFO -  * Detected change in 'c:\\users\\big josh\\onedrive\\desktop\\projects\\mlproect\\app.py', reloading
[ 2023-07-15 04:51:54,193 ] 225 werkzeug - INFO -  * Detected change in 'C:\\Users\\Big Josh\\OneDrive\\Desktop\\Projects\\MLPROECT\\app.py', reloading
[ 2023-07-15 04:51:54,193 ] 225 werkzeug - INFO -  * Detected change in 'c:\\users\\big josh\\onedrive\\desktop\\projects\\mlproect\\app.py', reloading
[ 2023-07-15 04:51:54,369 ] 225 werkzeug - INFO -  * Detected change in 'C:\\Users\\Big Josh\\OneDrive\\Desktop\\Projects\\MLPROECT\\app.py', reloading
[ 2023-07-15 04:51:54,377 ] 225 werkzeug - INFO -  * Detected change in 'c:\\users\\big josh\\onedrive\\desktop\\projects\\mlproect\\app.py', reloading
[ 2023-07-15 04:51:54,377 ] 225 werkzeug - INFO -  * Detected change in 'C:\\Users\\Big Josh\\OneDrive\\Desktop\\Projects\\MLPROECT\\app.py', reloading
[ 2023-07-15 04:51:54,377 ] 225 werkzeug - INFO -  * Detected change in 'c:\\users\\big josh\\onedrive\\desktop\\projects\\mlproect\\app.py', reloading
[ 2023-07-15 04:51:54,377 ] 225 werkzeug - INFO -  * Detected change in 'C:\\Users\\Big Josh\\OneDrive\\Desktop\\Projects\\MLPROECT\\app.py', reloading
[ 2023-07-15 04:51:54,377 ] 225 werkzeug - INFO -  * Detected change in 'c:\\users\\big josh\\onedrive\\desktop\\projects\\mlproect\\app.py', reloading
[ 2023-07-15 04:51:54,553 ] 225 werkzeug - INFO -  * Detected change in 'c:\\users\\big josh\\onedrive\\desktop\\projects\\mlproect\\app.py', reloading
[ 2023-07-15 04:51:54,561 ] 225 werkzeug - INFO -  * Detected change in 'C:\\Users\\Big Josh\\OneDrive\\Desktop\\Projects\\MLPROECT\\app.py', reloading
[ 2023-07-15 04:51:54,561 ] 225 werkzeug - INFO -  * Detected change in 'c:\\users\\big josh\\onedrive\\desktop\\projects\\mlproect\\app.py', reloading
[ 2023-07-15 04:51:54,561 ] 225 werkzeug - INFO -  * Detected change in 'C:\\Users\\Big Josh\\OneDrive\\Desktop\\Projects\\MLPROECT\\app.py', reloading
[ 2023-07-15 04:51:54,561 ] 225 werkzeug - INFO -  * Detected change in 'c:\\users\\big josh\\onedrive\\desktop\\projects\\mlproect\\app.py', reloading
[ 2023-07-15 04:51:54,561 ] 225 werkzeug - INFO -  * Detected change in 'C:\\Users\\Big Josh\\OneDrive\\Desktop\\Projects\\MLPROECT\\app.py', reloading
