[ 2023-07-15 04:55:35,253 ] 225 werkzeug - WARNING -  * Debugger is active!
[ 2023-07-15 04:55:35,269 ] 225 werkzeug - INFO -  * Debugger PIN: 100-747-786
[ 2023-07-15 04:55:35,459 ] 225 werkzeug - WARNING -  * Running on all addresses.
   WARNING: This is a development server. Do not use it in a production deployment.
[ 2023-07-15 04:55:35,459 ] 225 werkzeug - INFO -  * Running on http://192.168.43.97:5000/ (Press CTRL+C to quit)
[ 2023-07-15 05:01:49,534 ] 225 werkzeug - INFO -  * Detected change in 'c:\\users\\big josh\\onedrive\\desktop\\projects\\mlproect\\app.py', reloading
[ 2023-07-15 05:01:49,534 ] 225 werkzeug - INFO -  * Detected change in 'C:\\Users\\Big Josh\\OneDrive\\Desktop\\Projects\\MLPROECT\\app.py', reloading
[ 2023-07-15 05:01:49,534 ] 225 werkzeug - INFO -  * Detected change in 'C:\\Users\\Big Josh\\OneDrive\\Desktop\\Projects\\MLPROECT\\app.py', reloading
[ 2023-07-15 05:01:49,534 ] 225 werkzeug - INFO -  * Detected change in 'c:\\users\\big josh\\onedrive\\desktop\\projects\\mlproect\\app.py', reloading
[ 2023-07-15 05:01:49,542 ] 225 werkzeug - INFO -  * Detected change in 'c:\\users\\big josh\\onedrive\\desktop\\projects\\mlproect\\app.py', reloading
[ 2023-07-15 05:01:49,542 ] 225 werkzeug - INFO -  * Detected change in 'C:\\Users\\Big Josh\\OneDrive\\Desktop\\Projects\\MLPROECT\\app.py', reloading
[ 2023-07-15 05:01:49,542 ] 225 werkzeug - INFO -  * Detected change in 'c:\\users\\big josh\\onedrive\\desktop\\projects\\mlproect\\app.py', reloading
[ 2023-07-15 05:01:49,789 ] 225 werkzeug - INFO -  * Detected change in 'c:\\users\\big josh\\onedrive\\desktop\\projects\\mlproect\\app.py', reloading
[ 2023-07-15 05:01:49,797 ] 225 werkzeug - INFO -  * Detected change in 'C:\\Users\\Big Josh\\OneDrive\\Desktop\\Projects\\MLPROECT\\app.py', reloading
[ 2023-07-15 05:01:49,797 ] 225 werkzeug - INFO -  * Detected change in 'c:\\users\\big josh\\onedrive\\desktop\\projects\\mlproect\\app.py', reloading
[ 2023-07-15 05:01:49,797 ] 225 werkzeug - INFO -  * Detected change in 'C:\\Users\\Big Josh\\OneDrive\\Desktop\\Projects\\MLPROECT\\app.py', reloading
[ 2023-07-15 05:01:49,797 ] 225 werkzeug - INFO -  * Detected change in 'C:\\Users\\Big Josh\\OneDrive\\Desktop\\Projects\\MLPROECT\\app.py', reloading
[ 2023-07-15 05:01:49,797 ] 225 werkzeug - INFO -  * Detected change in 'c:\\users\\big josh\\onedrive\\desktop\\projects\\mlproect\\app.py', reloading
[ 2023-07-15 05:01:49,797 ] 225 werkzeug - INFO -  * Detected change in 'C:\\Users\\Big Josh\\OneDrive\\Desktop\\Projects\\MLPROECT\\app.py', reloading
[ 2023-07-15 05:01:49,797 ] 225 werkzeug - INFO -  * Detected change in 'c:\\users\\big josh\\onedrive\\desktop\\projects\\mlproect\\app.py', reloading
